<?xml version="1.0" encoding="UTF-8"?>
<testsuite xmlns:xsi="http://www.w3.org/2001/XMLSchema-instance" xsi:noNamespaceSchemaLocation="https://maven.apache.org/surefire/maven-surefire-plugin/xsd/surefire-test-report.xsd" name="NextDateTest" time="0.038" tests="40" errors="0" skipped="0" failures="0">
  <properties>
    <property name="java.specification.version" value="23"/>
    <property name="sun.jnu.encoding" value="UTF-8"/>
    <property name="java.class.path" value="/Users/cal/Documents/3b/etsn20/lab1/target/test-classes:/Users/cal/Documents/3b/etsn20/lab1/target/classes:/Users/cal/.m2/repository/junit/junit/4.12/junit-4.12.jar:/Users/cal/.m2/repository/org/hamcrest/hamcrest-core/1.3/hamcrest-core-1.3.jar:"/>
    <property name="java.vm.vendor" value="Oracle Corporation"/>
    <property name="sun.arch.data.model" value="64"/>
    <property name="java.vendor.url" value="https://java.oracle.com/"/>
    <property name="os.name" value="Mac OS X"/>
    <property name="java.vm.specification.version" value="23"/>
    <property name="sun.java.launcher" value="SUN_STANDARD"/>
    <property name="user.country" value="CA"/>
    <property name="sun.boot.library.path" value="/Library/Java/JavaVirtualMachines/jdk-23.jdk/Contents/Home/lib"/>
    <property name="sun.java.command" value="/Users/cal/Documents/3b/etsn20/lab1/target/surefire/surefirebooter944777816121398142.jar /Users/cal/Documents/3b/etsn20/lab1/target/surefire 2024-11-14T13-19-17_482-jvmRun1 surefire10945534883500960622tmp surefire_06480529198418700822tmp"/>
    <property name="http.nonProxyHosts" value="local|*.local|169.254/16|*.169.254/16"/>
    <property name="jdk.debug" value="release"/>
    <property name="surefire.test.class.path" value="/Users/cal/Documents/3b/etsn20/lab1/target/test-classes:/Users/cal/Documents/3b/etsn20/lab1/target/classes:/Users/cal/.m2/repository/junit/junit/4.12/junit-4.12.jar:/Users/cal/.m2/repository/org/hamcrest/hamcrest-core/1.3/hamcrest-core-1.3.jar:"/>
    <property name="sun.cpu.endian" value="little"/>
    <property name="user.home" value="/Users/cal"/>
    <property name="user.language" value="en"/>
    <property name="java.specification.vendor" value="Oracle Corporation"/>
    <property name="java.version.date" value="2024-10-15"/>
    <property name="java.home" value="/Library/Java/JavaVirtualMachines/jdk-23.jdk/Contents/Home"/>
    <property name="file.separator" value="/"/>
    <property name="basedir" value="/Users/cal/Documents/3b/etsn20/lab1"/>
    <property name="java.vm.compressedOopsMode" value="Zero based"/>
    <property name="line.separator" value="&#10;"/>
    <property name="java.vm.specification.vendor" value="Oracle Corporation"/>
    <property name="java.specification.name" value="Java Platform API Specification"/>
    <property name="apple.awt.application.name" value="ForkedBooter"/>
    <property name="surefire.real.class.path" value="/Users/cal/Documents/3b/etsn20/lab1/target/surefire/surefirebooter944777816121398142.jar"/>
    <property name="sun.management.compiler" value="HotSpot 64-Bit Tiered Compilers"/>
    <property name="ftp.nonProxyHosts" value="local|*.local|169.254/16|*.169.254/16"/>
    <property name="java.runtime.version" value="23.0.1+11-39"/>
    <property name="user.name" value="cal"/>
    <property name="stdout.encoding" value="UTF-8"/>
    <property name="path.separator" value=":"/>
    <property name="os.version" value="15.0.1"/>
    <property name="java.runtime.name" value="Java(TM) SE Runtime Environment"/>
    <property name="file.encoding" value="UTF-8"/>
    <property name="java.vm.name" value="Java HotSpot(TM) 64-Bit Server VM"/>
    <property name="localRepository" value="/Users/cal/.m2/repository"/>
    <property name="java.vendor.url.bug" value="https://bugreport.java.com/bugreport/"/>
    <property name="java.io.tmpdir" value="/var/folders/2x/g4w75mwd3mb5hy_8hvzz4_580000gn/T/"/>
    <property name="java.version" value="23.0.1"/>
    <property name="user.dir" value="/Users/cal/Documents/3b/etsn20/lab1"/>
    <property name="os.arch" value="aarch64"/>
    <property name="java.vm.specification.name" value="Java Virtual Machine Specification"/>
    <property name="native.encoding" value="UTF-8"/>
    <property name="java.library.path" value="/Users/cal/Library/Java/Extensions:/Library/Java/Extensions:/Network/Library/Java/Extensions:/System/Library/Java/Extensions:/usr/lib/java:."/>
    <property name="java.vm.info" value="mixed mode, sharing"/>
    <property name="stderr.encoding" value="UTF-8"/>
    <property name="java.vendor" value="Oracle Corporation"/>
    <property name="java.vm.version" value="23.0.1+11-39"/>
    <property name="sun.io.unicode.encoding" value="UnicodeBig"/>
    <property name="socksNonProxyHosts" value="local|*.local|169.254/16|*.169.254/16"/>
    <property name="java.class.version" value="67.0"/>
  </properties>
  <testcase name="statementTest1" classname="StatementsTest" time="0.008"/>
  <testcase name="statementTest2" classname="StatementsTest" time="0"/>
  <testcase name="statementTest3" classname="StatementsTest" time="0"/>
  <testcase name="statementTest4" classname="StatementsTest" time="0"/>
  <testcase name="statementTest5" classname="StatementsTest" time="0"/>
  <testcase name="statementTest6" classname="StatementsTest" time="0"/>
  <testcase name="statementTest9" classname="StatementsTest" time="0"/>
  <testcase name="statementTest10" classname="StatementsTest" time="0"/>
  <testcase name="statementTest11" classname="StatementsTest" time="0"/>
  <testcase name="statementTest12" classname="StatementsTest" time="0"/>
  <testcase name="statementTest14" classname="StatementsTest" time="0"/>
  <testcase name="statementTest15" classname="StatementsTest" time="0"/>
  <testcase name="statementTest16" classname="StatementsTest" time="0"/>
  <testcase name="branchTest10" classname="BranchesTest" time="0"/>
  <testcase name="branchTest11" classname="BranchesTest" time="0"/>
  <testcase name="branchTest12" classname="BranchesTest" time="0"/>
  <testcase name="branchTest14" classname="BranchesTest" time="0"/>
  <testcase name="branchTest15" classname="BranchesTest" time="0"/>
  <testcase name="branchTest16" classname="BranchesTest" time="0"/>
  <testcase name="branchTest1" classname="BranchesTest" time="0"/>
  <testcase name="branchTest2" classname="BranchesTest" time="0"/>
  <testcase name="branchTest3" classname="BranchesTest" time="0.001"/>
  <testcase name="branchTest4" classname="BranchesTest" time="0"/>
  <testcase name="branchTest5" classname="BranchesTest" time="0"/>
  <testcase name="branchTest6" classname="BranchesTest" time="0"/>
  <testcase name="branchTest9" classname="BranchesTest" time="0"/>
  <testcase name="predicateTest1" classname="PredicatesTest" time="0"/>
  <testcase name="predicateTest2" classname="PredicatesTest" time="0"/>
  <testcase name="predicateTest3" classname="PredicatesTest" time="0"/>
  <testcase name="predicateTest4" classname="PredicatesTest" time="0"/>
  <testcase name="predicateTest5" classname="PredicatesTest" time="0"/>
  <testcase name="predicateTest6" classname="PredicatesTest" time="0"/>
  <testcase name="predicateTest9" classname="PredicatesTest" time="0"/>
  <testcase name="predicateTest10" classname="PredicatesTest" time="0"/>
  <testcase name="predicateTest11" classname="PredicatesTest" time="0"/>
  <testcase name="predicateTest12" classname="PredicatesTest" time="0"/>
  <testcase name="predicateTest14" classname="PredicatesTest" time="0"/>
  <testcase name="predicateTest15" classname="PredicatesTest" time="0"/>
  <testcase name="predicateTest16" classname="PredicatesTest" time="0"/>
  <testcase name="predicateTest19" classname="PredicatesTest" time="0"/>
</testsuite>